Using pre-set license
Built from '6000.0/staging' branch; Version is '6000.0.38f1 (82314a941f2d) revision 8532298'; Using compiler version '193933523'; Build Type 'Release'
OS: 'Windows 11  (10.0.26100) 64bit Core' Language: 'uk' Physical Memory: 31849 MB
BatchMode: 1, IsHumanControllingUs: 0, StartBugReporterOnCrash: 0, Is64bit: 1, IsPro: 1

COMMAND LINE ARGUMENTS:
C:\Program Files\Unity\Hub\Editor\6000.0.38f1\Editor\Unity.exe
-adb2
-batchMode
-noUpm
-name
AssetImportWorker1
-projectPath
D:/GameDev/havryliv-sk-unity-25/Maze
-logFile
Logs/AssetImportWorker1.log
-srvPort
62311
-job-worker-count
5
-background-job-worker-count
8
-gc-helper-count
1
Successfully changed project path to: D:/GameDev/havryliv-sk-unity-25/Maze
D:/GameDev/havryliv-sk-unity-25/Maze
[UnityMemory] Configuration Parameters - Can be set up in boot.config
    "memorysetup-bucket-allocator-granularity=16"
    "memorysetup-bucket-allocator-bucket-count=8"
    "memorysetup-bucket-allocator-block-size=33554432"
    "memorysetup-bucket-allocator-block-count=8"
    "memorysetup-main-allocator-block-size=16777216"
    "memorysetup-thread-allocator-block-size=16777216"
    "memorysetup-gfx-main-allocator-block-size=16777216"
    "memorysetup-gfx-thread-allocator-block-size=16777216"
    "memorysetup-cache-allocator-block-size=4194304"
    "memorysetup-typetree-allocator-block-size=2097152"
    "memorysetup-profiler-bucket-allocator-granularity=16"
    "memorysetup-profiler-bucket-allocator-bucket-count=8"
    "memorysetup-profiler-bucket-allocator-block-size=33554432"
    "memorysetup-profiler-bucket-allocator-block-count=8"
    "memorysetup-profiler-allocator-block-size=16777216"
    "memorysetup-profiler-editor-allocator-block-size=1048576"
    "memorysetup-temp-allocator-size-main=16777216"
    "memorysetup-job-temp-allocator-block-size=2097152"
    "memorysetup-job-temp-allocator-block-size-background=1048576"
    "memorysetup-job-temp-allocator-reduction-small-platforms=262144"
    "memorysetup-allocator-temp-initial-block-size-main=262144"
    "memorysetup-allocator-temp-initial-block-size-worker=262144"
    "memorysetup-temp-allocator-size-background-worker=32768"
    "memorysetup-temp-allocator-size-job-worker=262144"
    "memorysetup-temp-allocator-size-preload-manager=33554432"
    "memorysetup-temp-allocator-size-nav-mesh-worker=65536"
    "memorysetup-temp-allocator-size-audio-worker=65536"
    "memorysetup-temp-allocator-size-cloud-worker=32768"
    "memorysetup-temp-allocator-size-gi-baking-worker=262144"
    "memorysetup-temp-allocator-size-gi-baking-worker=262144"
    "memorysetup-temp-allocator-size-gi-baking-worker=262144"
    "memorysetup-temp-allocator-size-gi-baking-worker=262144"
    "memorysetup-temp-allocator-size-gi-baking-worker=262144"
    "memorysetup-temp-allocator-size-gfx=262144"
Player connection [22160]  Target information:

Player connection [22160]  * "[IP] 172.27.0.1 [Port] 0 [Flags] 2 [Guid] 2097435819 [EditorId] 2097435819 [Version] 1048832 [Id] WindowsEditor(7,IhorPC) [Debug] 1 [PackageName] WindowsEditor [ProjectName] Editor" 

Player connection [22160]  * "[IP] 192.168.0.239 [Port] 0 [Flags] 2 [Guid] 2097435819 [EditorId] 2097435819 [Version] 1048832 [Id] WindowsEditor(7,IhorPC) [Debug] 1 [PackageName] WindowsEditor [ProjectName] Editor" 

Player connection [22160] Host joined multi-casting on [225.0.0.222:54997]...
Player connection [22160] Host joined alternative multi-casting on [225.0.0.222:34997]...
JobSystem: Creating JobQueue using job-worker-count value 5
Input System module state changed to: Initialized.
[Physics::Module] Initialized fallback backend.
[Physics::Module] Id: 0xdecafbad
Library Redirect Path: Library/
[Physics::Module] Selected backend.
[Physics::Module] Name: PhysX
[Physics::Module] Id: 0xf2b8ea05
[Physics::Module] SDK Version: 4.1.2
[Physics::Module] Integration Version: 1.0.0
[Physics::Module] Threading Mode: Multi-Threaded
Refreshing native plugins compatible for Editor in 0.78 ms, found 3 plugins.
Preloading 0 native plugins for Editor in 0.00 ms.
Initialize engine version: 6000.0.38f1 (82314a941f2d)
[Subsystems] Discovering subsystems at path C:/Program Files/Unity/Hub/Editor/6000.0.38f1/Editor/Data/Resources/UnitySubsystems
[Subsystems] Discovering subsystems at path D:/GameDev/havryliv-sk-unity-25/Maze/Assets
GfxDevice: creating device client; kGfxThreadingModeNonThreaded
Direct3D:
    Version:  Direct3D 11.0 [level 11.1]
    Renderer: NVIDIA GeForce RTX 4070 SUPER (ID=0x2783)
    Vendor:   NVIDIA
    VRAM:     11999 MB
    Driver:   32.0.15.7216
Initialize mono
Mono path[0] = 'C:/Program Files/Unity/Hub/Editor/6000.0.38f1/Editor/Data/Managed'
Mono path[1] = 'C:/Program Files/Unity/Hub/Editor/6000.0.38f1/Editor/Data/MonoBleedingEdge/lib/mono/unityjit-win32'
Mono config path = 'C:/Program Files/Unity/Hub/Editor/6000.0.38f1/Editor/Data/MonoBleedingEdge/etc'
Using monoOptions --debugger-agent=transport=dt_socket,embedding=1,server=y,suspend=n,address=127.0.0.1:56676
Begin MonoManager ReloadAssembly
Registering precompiled unity dll's ...
Register platform support module: C:/Program Files/Unity/Hub/Editor/6000.0.38f1/Editor/Data/PlaybackEngines/WebGLSupport/UnityEditor.WebGL.Extensions.dll
Register platform support module: C:/Program Files/Unity/Hub/Editor/6000.0.38f1/Editor/Data/PlaybackEngines/WindowsStandaloneSupport/UnityEditor.WindowsStandalone.Extensions.dll
Registered in 0.002090 seconds.
- Loaded All Assemblies, in  0.246 seconds
Native extension for WindowsStandalone target not found
Native extension for WebGL target not found
Mono: successfully reloaded assembly
- Finished resetting the current domain, in  0.245 seconds
Domain Reload Profiling: 491ms
	BeginReloadAssembly (83ms)
		ExecutionOrderSort (0ms)
		DisableScriptedObjects (0ms)
		BackupInstance (0ms)
		ReleaseScriptingObjects (0ms)
		CreateAndSetChildDomain (0ms)
	RebuildCommonClasses (23ms)
	RebuildNativeTypeToScriptingClass (8ms)
	initialDomainReloadingComplete (31ms)
	LoadAllAssembliesAndSetupDomain (100ms)
		LoadAssemblies (82ms)
		RebuildTransferFunctionScriptingTraits (0ms)
		AnalyzeDomain (98ms)
			TypeCache.Refresh (97ms)
				TypeCache.ScanAssembly (89ms)
			BuildScriptInfoCaches (0ms)
			ResolveRequiredComponents (0ms)
	FinalizeReload (246ms)
		ReleaseScriptCaches (0ms)
		RebuildScriptCaches (0ms)
		SetupLoadedEditorAssemblies (215ms)
			LogAssemblyErrors (0ms)
			InitializePlatformSupportModulesInManaged (16ms)
			SetLoadedEditorAssemblies (3ms)
			BeforeProcessingInitializeOnLoad (44ms)
			ProcessInitializeOnLoadAttributes (111ms)
			ProcessInitializeOnLoadMethodAttributes (41ms)
			AfterProcessingInitializeOnLoad (0ms)
			EditorAssembliesLoaded (0ms)
		ExecutionOrderSort2 (0ms)
		AwakeInstancesAfterBackupRestoration (0ms)
========================================================================
Worker process is ready to serve import requests
Import Worker Mode flag is 0x00
Begin MonoManager ReloadAssembly
- Loaded All Assemblies, in  0.412 seconds
Assertion failed on expression: 'IsFileCreated(assemblyPath)'
Assertion failed on expression: 'IsFileCreated(assemblyPath)'
Compilation Pipeline: Could not read file Packages/com.unity.collab-proxy/Editor/Toolbar/Unity.CollabProxy.Editor.asmdef
Fatal Error! Compilation Pipeline: Could not read file Packages/com.unity.collab-proxy/Editor/Toolbar/Unity.CollabProxy.Editor.asmdef
Crash!!!
SymInit: Symbol-SearchPath: 'C:/Program Files/Unity/Hub/Editor/6000.0.38f1/Editor/Data/Mono;.;D:\GameDev\havryliv-sk-unity-25\Maze;D:\GameDev\havryliv-sk-unity-25\Maze\Library\BurstCache\JIT;C:\Program Files\Unity\Hub\Editor\6000.0.38f1\Editor;C:\Windows;C:\Windows\system32;', symOptions: 534, UserName: 'wowan'
OS-Version: 10.0.0
C:\Program Files\Unity\Hub\Editor\6000.0.38f1\Editor\Unity.exe:Unity.exe (00007FF67A860000), size: 299008 (result: 0), SymType: '-deferred-', PDB: '', fileVersion: 6000.0.38.12618
C:\Windows\SYSTEM32\ntdll.dll:ntdll.dll (00007FFD3B440000), size: 2502656 (result: 0), SymType: '-deferred-', PDB: '', fileVersion: 10.0.26100.3037
C:\Windows\System32\KERNEL32.DLL:KERNEL32.DLL (00007FFD39D60000), size: 815104 (result: 0), SymType: '-deferred-', PDB: '', fileVersion: 10.0.26100.3037
C:\Windows\System32\KERNELBASE.dll:KERNELBASE.dll (00007FFD38990000), size: 3960832 (result: 0), SymType: '-deferred-', PDB: '', fileVersion: 10.0.26100.3037
C:\Windows\SYSTEM32\apphelp.dll:apphelp.dll (00007FFD343F0000), size: 638976 (result: 0), SymType: '-deferred-', PDB: '', fileVersion: 10.0.26100.3037
C:\Windows\System32\USER32.dll:USER32.dll (00007FFD39280000), size: 1871872 (result: 0), SymType: '-deferred-', PDB: '', fileVersion: 10.0.26100.3037
C:\Windows\System32\win32u.dll:win32u.dll (00007FFD387E0000), size: 159744 (result: 0), SymType: '-deferred-', PDB: '', fileVersion: 10.0.26100.3194
C:\Windows\System32\GDI32.dll:GDI32.dll (00007FFD39D30000), size: 172032 (result: 0), SymType: '-deferred-', PDB: '', fileVersion: 10.0.26100.2033
C:\Windows\System32\gdi32full.dll:gdi32full.dll (00007FFD39000000), size: 1224704 (result: 0), SymType: '-deferred-', PDB: '', fileVersion: 10.0.26100.3037
C:\Windows\System32\msvcp_win.dll:msvcp_win.dll (00007FFD38F50000), size: 667648 (result: 0), SymType: '-deferred-', PDB: '', fileVersion: 10.0.26100.1882
C:\Windows\System32\ucrtbase.dll:ucrtbase.dll (00007FFD39130000), size: 1359872 (result: 0), SymType: '-deferred-', PDB: '', fileVersion: 10.0.26100.3037
C:\Windows\System32\IMM32.DLL:IMM32.DLL (00007FFD3AD70000), size: 192512 (result: 0), SymType: '-deferred-', PDB: '', fileVersion: 10.0.26100.1150
C:\Program Files\Unity\Hub\Editor\6000.0.38f1\Editor\Unity.dll:Unity.dll (00007FFC66970000), size: 87089152 (result: 0), SymType: '-deferred-', PDB: '', fileVersion: 6000.0.38.12618
C:\Windows\System32\CRYPT32.dll:CRYPT32.dll (00007FFD38810000), size: 1531904 (result: 0), SymType: '-deferred-', PDB: '', fileVersion: 10.0.26100.3037
C:\Windows\System32\ADVAPI32.dll:ADVAPI32.dll (00007FFD3A160000), size: 737280 (result: 0), SymType: '-deferred-', PDB: '', fileVersion: 10.0.26100.2033
C:\Program Files\Unity\Hub\Editor\6000.0.38f1\Editor\libfbxsdk.dll:libfbxsdk.dll (00007FFC98EB0000), size: 8019968 (result: 0), SymType: '-deferred-', PDB: '', fileVersion: 2020.3.7.0
C:\Program Files\Unity\Hub\Editor\6000.0.38f1\Editor\s3tcompress.dll:s3tcompress.dll (00007FFD18720000), size: 180224 (result: 0), SymType: '-deferred-', PDB: ''
C:\Program Files\Unity\Hub\Editor\6000.0.38f1\Editor\etccompress.dll:etccompress.dll (00007FFC989D0000), size: 5070848 (result: 0), SymType: '-deferred-', PDB: ''
C:\Windows\System32\msvcrt.dll:msvcrt.dll (00007FFD3AB20000), size: 692224 (result: 0), SymType: '-deferred-', PDB: '', fileVersion: 7.0.26100.1882
C:\Windows\System32\sechost.dll:sechost.dll (00007FFD3A2E0000), size: 679936 (result: 0), SymType: '-deferred-', PDB: '', fileVersion: 10.0.26100.3037
C:\Program Files\Unity\Hub\Editor\6000.0.38f1\Editor\compress_bc7e.dll:compress_bc7e.dll (00007FFC9B980000), size: 1433600 (result: 0), SymType: '-deferred-', PDB: ''
C:\Program Files\Unity\Hub\Editor\6000.0.38f1\Editor\FreeImage.dll:FreeImage.dll (0000000180000000), size: 5783552 (result: 0), SymType: '-deferred-', PDB: '', fileVersion: 3.18.0.0
C:\Program Files\Unity\Hub\Editor\6000.0.38f1\Editor\ispc_texcomp.dll:ispc_texcomp.dll (00007FFC9A000000), size: 1826816 (result: 0), SymType: '-deferred-', PDB: ''
C:\Windows\System32\WS2_32.dll:WS2_32.dll (00007FFD3AAA0000), size: 475136 (result: 0), SymType: '-deferred-', PDB: '', fileVersion: 10.0.26100.1882
C:\Windows\System32\RPCRT4.dll:RPCRT4.dll (00007FFD39460000), size: 1138688 (result: 0), SymType: '-deferred-', PDB: '', fileVersion: 10.0.26100.3037
C:\Program Files\Unity\Hub\Editor\6000.0.38f1\Editor\umbraoptimizer64.dll:umbraoptimizer64.dll (00007FFC99ED0000), size: 1187840 (result: 0), SymType: '-deferred-', PDB: ''
C:\Windows\System32\ole32.dll:ole32.dll (00007FFD3ABD0000), size: 1658880 (result: 0), SymType: '-deferred-', PDB: '', fileVersion: 10.0.26100.3037
C:\Windows\SYSTEM32\MSVCP140.dll:MSVCP140.dll (00007FFD1DA10000), size: 577536 (result: 0), SymType: '-deferred-', PDB: '', fileVersion: 14.42.34433.0
C:\Program Files\Unity\Hub\Editor\6000.0.38f1\Editor\WinPixEventRuntime.dll:WinPixEventRuntime.dll (00007FFD189F0000), size: 53248 (result: 0), SymType: '-deferred-', PDB: '', fileVersion: 1.0.2201.24001
C:\Windows\SYSTEM32\VCRUNTIME140.dll:VCRUNTIME140.dll (00007FFD1DAB0000), size: 122880 (result: 0), SymType: '-deferred-', PDB: '', fileVersion: 14.42.34433.0
C:\Windows\System32\combase.dll:combase.dll (00007FFD39590000), size: 3661824 (result: 0), SymType: '-deferred-', PDB: '', fileVersion: 10.0.26100.3037
C:\Windows\SYSTEM32\VCRUNTIME140_1.dll:VCRUNTIME140_1.dll (00007FFD1DAA0000), size: 49152 (result: 0), SymType: '-deferred-', PDB: '', fileVersion: 14.42.34433.0
C:\Windows\System32\SETUPAPI.dll:SETUPAPI.dll (00007FFD3AEA0000), size: 4743168 (result: 0), SymType: '-deferred-', PDB: '', fileVersion: 10.0.26100.3037
C:\Windows\System32\SHELL32.dll:SHELL32.dll (00007FFD3A390000), size: 7356416 (result: 0), SymType: '-deferred-', PDB: '', fileVersion: 10.0.26100.3037
C:\Windows\SYSTEM32\bcrypt.dll:bcrypt.dll (00007FFD38110000), size: 155648 (result: 0), SymType: '-deferred-', PDB: '', fileVersion: 10.0.26100.3037
C:\Windows\System32\SHLWAPI.dll:SHLWAPI.dll (00007FFD39A70000), size: 380928 (result: 0), SymType: '-deferred-', PDB: '', fileVersion: 10.0.26100.3037
C:\Windows\SYSTEM32\d3d11.dll:d3d11.dll (00007FFD33300000), size: 2482176 (result: 0), SymType: '-deferred-', PDB: '', fileVersion: 10.0.26100.3037
C:\Windows\System32\OLEAUT32.dll:OLEAUT32.dll (00007FFD39C50000), size: 876544 (result: 0), SymType: '-deferred-', PDB: '', fileVersion: 10.0.26100.3037
C:\Windows\SYSTEM32\d3d12.dll:d3d12.dll (00007FFCA5AB0000), size: 143360 (result: 0), SymType: '-deferred-', PDB: '', fileVersion: 10.0.26100.3037
C:\Windows\SYSTEM32\dxgi.dll:dxgi.dll (00007FFD35D10000), size: 1228800 (result: 0), SymType: '-deferred-', PDB: '', fileVersion: 10.0.26100.3037
C:\Windows\System32\WINTRUST.dll:WINTRUST.dll (00007FFD38E20000), size: 520192 (result: 0), SymType: '-deferred-', PDB: '', fileVersion: 10.0.26100.3037
C:\Windows\SYSTEM32\dwmapi.dll:dwmapi.dll (00007FFD35E60000), size: 188416 (result: 0), SymType: '-deferred-', PDB: '', fileVersion: 10.0.26100.3037
C:\Windows\SYSTEM32\HID.DLL:HID.DLL (00007FFD36D20000), size: 61440 (result: 0), SymType: '-deferred-', PDB: '', fileVersion: 10.0.26100.1150
C:\Windows\SYSTEM32\IPHLPAPI.DLL:IPHLPAPI.DLL (00007FFD37090000), size: 204800 (result: 0), SymType: '-deferred-', PDB: '', fileVersion: 10.0.26100.3194
C:\Windows\SYSTEM32\OPENGL32.dll:OPENGL32.dll (00007FFCC1940000), size: 1097728 (result: 0), SymType: '-deferred-', PDB: '', fileVersion: 10.0.26100.1882
C:\Windows\SYSTEM32\WINHTTP.dll:WINHTTP.dll (00007FFD32040000), size: 1171456 (result: 0), SymType: '-deferred-', PDB: '', fileVersion: 10.0.26100.3037
C:\Windows\SYSTEM32\WINMM.dll:WINMM.dll (00007FFD2AEA0000), size: 221184 (result: 0), SymType: '-deferred-', PDB: '', fileVersion: 10.0.26100.3037
C:\Windows\SYSTEM32\GLU32.dll:GLU32.dll (00007FFCC5540000), size: 184320 (result: 0), SymType: '-deferred-', PDB: '', fileVersion: 10.0.26100.1150
C:\Program Files\Unity\Hub\Editor\6000.0.38f1\Editor\SketchUpAPI.dll:SketchUpAPI.dll (00007FFC98130000), size: 8990720 (result: 0), SymType: '-deferred-', PDB: '', fileVersion: 23.0.0.0
C:\Program Files\Unity\Hub\Editor\6000.0.38f1\Editor\NativeProxyHelper.dll:NativeProxyHelper.dll (00007FFC97F70000), size: 1789952 (result: 0), SymType: '-deferred-', PDB: ''
C:\Windows\SYSTEM32\VERSION.dll:VERSION.dll (00007FFD30000000), size: 45056 (result: 0), SymType: '-deferred-', PDB: '', fileVersion: 10.0.26100.1150
C:\Windows\SYSTEM32\WSOCK32.dll:WSOCK32.dll (00007FFCD06D0000), size: 40960 (result: 0), SymType: '-deferred-', PDB: '', fileVersion: 10.0.26100.1
C:\Program Files\Unity\Hub\Editor\6000.0.38f1\Editor\SketchUpCommonPreferences.dll:SketchUpCommonPreferences.dll (00007FFCA5760000), size: 499712 (result: 0), SymType: '-deferred-', PDB: '', fileVersion: 23.0.0.0
C:\Windows\SYSTEM32\Secur32.dll:Secur32.dll (00007FFD35970000), size: 53248 (result: 0), SymType: '-deferred-', PDB: '', fileVersion: 10.0.26100.1
C:\Windows\SYSTEM32\dxcore.dll:dxcore.dll (00007FFD35C20000), size: 290816 (result: 0), SymType: '-deferred-', PDB: '', fileVersion: 10.0.26100.3037
C:\Windows\SYSTEM32\SSPICLI.DLL:SSPICLI.DLL (00007FFD379C0000), size: 294912 (result: 0), SymType: '-deferred-', PDB: '', fileVersion: 10.0.26100.3037
C:\Program Files\Unity\Hub\Editor\6000.0.38f1\Editor\OpenRL.dll:OpenRL.dll (0000014622F50000), size: 12779520 (result: 0), SymType: '-deferred-', PDB: '', fileVersion: 1.5.0.2907
C:\Windows\SYSTEM32\MSVCR100.dll:MSVCR100.dll (0000000051FD0000), size: 860160 (result: 0), SymType: '-deferred-', PDB: '', fileVersion: 10.0.40219.325
C:\Windows\SYSTEM32\MSVCP100.dll:MSVCP100.dll (0000000051F30000), size: 622592 (result: 0), SymType: '-deferred-', PDB: '', fileVersion: 10.0.40219.325
C:\Program Files\Unity\Hub\Editor\6000.0.38f1\Editor\embree.dll:embree.dll (00007FFC96F80000), size: 16711680 (result: 0), SymType: '-deferred-', PDB: '', fileVersion: 2.14.0.0
C:\Windows\SYSTEM32\cfgmgr32.DLL:cfgmgr32.DLL (00007FFD38470000), size: 389120 (result: 0), SymType: '-deferred-', PDB: '', fileVersion: 10.0.26100.3037
C:\Program Files\Unity\Hub\Editor\6000.0.38f1\Editor\tbb.dll:tbb.dll (00007FFD17A90000), size: 303104 (result: 0), SymType: '-deferred-', PDB: '', fileVersion: 2020.3.2022.1111
C:\Windows\SYSTEM32\MSWSOCK.DLL:MSWSOCK.DLL (00007FFD37C30000), size: 434176 (result: 0), SymType: '-deferred-', PDB: '', fileVersion: 10.0.26100.3194
C:\Program Files\Unity\Hub\Editor\6000.0.38f1\Editor\OpenRL_pthread.dll:OpenRL_pthread.dll (0000014622E10000), size: 61440 (result: 0), SymType: '-deferred-', PDB: '', fileVersion: 2.9.0.0
C:\Windows\SYSTEM32\directxdatabasehelper.dll:directxdatabasehelper.dll (00007FFD35C90000), size: 376832 (result: 0), SymType: '-deferred-', PDB: '', fileVersion: 10.0.26100.3037
C:\Windows\SYSTEM32\kernel.appcore.dll:kernel.appcore.dll (00007FFD37700000), size: 106496 (result: 0), SymType: '-deferred-', PDB: '', fileVersion: 10.0.26100.1591
C:\Windows\System32\bcryptPrimitives.dll:bcryptPrimitives.dll (00007FFD38EB0000), size: 626688 (result: 0), SymType: '-deferred-', PDB: '', fileVersion: 10.0.26100.3037
C:\Windows\SYSTEM32\MSASN1.dll:MSASN1.dll (00007FFD37FF0000), size: 77824 (result: 0), SymType: '-deferred-', PDB: '', fileVersion: 10.0.26100.2894
C:\Windows\system32\uxtheme.dll:uxtheme.dll (00007FFD35A30000), size: 708608 (result: 0), SymType: '-deferred-', PDB: '', fileVersion: 10.0.26100.3037
C:\Windows\SYSTEM32\windows.storage.dll:windows.storage.dll (00007FFD364E0000), size: 8613888 (result: 0), SymType: '-deferred-', PDB: '', fileVersion: 10.0.26100.3194
C:\Windows\System32\SHCORE.dll:SHCORE.dll (00007FFD3ADB0000), size: 954368 (result: 0), SymType: '-deferred-', PDB: '', fileVersion: 10.0.26100.3194
C:\Windows\SYSTEM32\profapi.dll:profapi.dll (00007FFD386F0000), size: 188416 (result: 0), SymType: '-deferred-', PDB: '', fileVersion: 10.0.26100.3037
C:\Windows\system32\IconCodecService.dll:IconCodecService.dll (00007FFCF68F0000), size: 45056 (result: 0), SymType: '-deferred-', PDB: '', fileVersion: 10.0.26100.1
C:\Windows\SYSTEM32\WindowsCodecs.dll:WindowsCodecs.dll (00007FFD322F0000), size: 2285568 (result: 0), SymType: '-deferred-', PDB: '', fileVersion: 10.0.26100.3037
C:\Windows\System32\clbcatq.dll:clbcatq.dll (00007FFD3B350000), size: 688128 (result: 0), SymType: '-deferred-', PDB: '', fileVersion: 2001.12.10941.16384
C:\Windows\System32\netprofm.dll:netprofm.dll (00007FFD35850000), size: 413696 (result: 0), SymType: '-deferred-', PDB: '', fileVersion: 10.0.26100.2454
C:\Windows\System32\NSI.dll:NSI.dll (00007FFD39450000), size: 40960 (result: 0), SymType: '-deferred-', PDB: '', fileVersion: 10.0.26100.2894
C:\Windows\SYSTEM32\dhcpcsvc6.DLL:dhcpcsvc6.DLL (00007FFD31E50000), size: 126976 (result: 0), SymType: '-deferred-', PDB: '', fileVersion: 10.0.26100.3194
C:\Windows\SYSTEM32\dhcpcsvc.DLL:dhcpcsvc.DLL (00007FFD31CF0000), size: 151552 (result: 0), SymType: '-deferred-', PDB: '', fileVersion: 10.0.26100.3194
C:\Windows\System32\npmproxy.dll:npmproxy.dll (00007FFD30F30000), size: 102400 (result: 0), SymType: '-deferred-', PDB: '', fileVersion: 10.0.26100.1150
C:\Windows\SYSTEM32\DNSAPI.dll:DNSAPI.dll (00007FFD37180000), size: 1200128 (result: 0), SymType: '-deferred-', PDB: '', fileVersion: 10.0.26100.3194
C:\Windows\system32\napinsp.dll:napinsp.dll (00007FFCF7460000), size: 98304 (result: 0), SymType: '-deferred-', PDB: '', fileVersion: 10.0.26100.1150
C:\Windows\System32\winrnr.dll:winrnr.dll (00007FFCF7440000), size: 73728 (result: 0), SymType: '-deferred-', PDB: '', fileVersion: 10.0.26100.1882
C:\Windows\system32\nlansp_c.dll:nlansp_c.dll (00007FFCFC450000), size: 139264 (result: 0), SymType: '-deferred-', PDB: '', fileVersion: 10.0.26100.3037
C:\Windows\system32\wshbth.dll:wshbth.dll (00007FFD314E0000), size: 90112 (result: 0), SymType: '-deferred-', PDB: '', fileVersion: 10.0.26100.1882
C:\Windows\System32\fwpuclnt.dll:fwpuclnt.dll (00007FFD31280000), size: 544768 (result: 0), SymType: '-deferred-', PDB: '', fileVersion: 10.0.26100.3037
C:\Windows\System32\rasadhlp.dll:rasadhlp.dll (00007FFD321E0000), size: 45056 (result: 0), SymType: '-deferred-', PDB: '', fileVersion: 10.0.26100.1150
C:\Program Files\Unity\Hub\Editor\6000.0.38f1\Editor\AMDUnityPlugin.DLL:AMDUnityPlugin.DLL (00007FFC95AB0000), size: 8814592 (result: 0), SymType: '-deferred-', PDB: ''
C:\Program Files\Unity\Hub\Editor\6000.0.38f1\Editor\NVUnityPlugin.DLL:NVUnityPlugin.DLL (00007FFC96DF0000), size: 1609728 (result: 0), SymType: '-deferred-', PDB: ''
C:\Program Files\Unity\Hub\Editor\6000.0.38f1\Editor\Data\Tools\astcenc-avx2.dll:astcenc-avx2.dll (00007FFCCF0A0000), size: 364544 (result: 0), SymType: '-deferred-', PDB: ''
C:\Windows\System32\MMDevApi.dll:MMDevApi.dll (00007FFD31920000), size: 598016 (result: 0), SymType: '-deferred-', PDB: '', fileVersion: 10.0.26100.3037
C:\Windows\System32\DEVOBJ.dll:DEVOBJ.dll (00007FFD38440000), size: 184320 (result: 0), SymType: '-deferred-', PDB: '', fileVersion: 10.0.26100.1150
C:\Windows\System32\DriverStore\FileRepository\nvmdi.inf_amd64_ce215582e5f83f90\nvldumdx.dll:nvldumdx.dll (00007FFD30010000), size: 794624 (result: 0), SymType: '-deferred-', PDB: '', fileVersion: 32.0.15.7216
C:\Windows\SYSTEM32\cryptnet.dll:cryptnet.dll (00007FFD2FFC0000), size: 241664 (result: 0), SymType: '-deferred-', PDB: '', fileVersion: 10.0.26100.3037
C:\Windows\SYSTEM32\cryptbase.dll:cryptbase.dll (00007FFD37ED0000), size: 49152 (result: 0), SymType: '-deferred-', PDB: '', fileVersion: 10.0.26100.2894
C:\Windows\SYSTEM32\wldp.dll:wldp.dll (00007FFD37F90000), size: 380928 (result: 0), SymType: '-deferred-', PDB: '', fileVersion: 10.0.26100.3037
C:\Windows\SYSTEM32\drvstore.dll:drvstore.dll (00007FFD2FE40000), size: 1544192 (result: 0), SymType: '-deferred-', PDB: '', fileVersion: 10.0.26100.3037
C:\Windows\System32\imagehlp.dll:imagehlp.dll (00007FFD3A220000), size: 131072 (result: 0), SymType: '-deferred-', PDB: '', fileVersion: 10.0.26100.1150
C:\Windows\SYSTEM32\CRYPTSP.dll:CRYPTSP.dll (00007FFD37EE0000), size: 114688 (result: 0), SymType: '-deferred-', PDB: '', fileVersion: 10.0.26100.2454
C:\Windows\system32\rsaenh.dll:rsaenh.dll (00007FFD37650000), size: 229376 (result: 0), SymType: '-deferred-', PDB: '', fileVersion: 10.0.26100.2894
C:\Windows\System32\DriverStore\FileRepository\nvmdi.inf_amd64_ce215582e5f83f90\nvgpucomp64.dll:nvgpucomp64.dll (00007FFD2B8E0000), size: 58302464 (result: 0), SymType: '-deferred-', PDB: '', fileVersion: 32.0.15.7216
C:\Windows\System32\DriverStore\FileRepository\nvmdi.inf_amd64_ce215582e5f83f90\Display.NvContainer\NvMessageBus.dll:NvMessageBus.dll (00007FFD22D70000), size: 3551232 (result: 0), SymType: '-deferred-', PDB: '', fileVersion: 3.15.3538.9611
C:\Windows\System32\DriverStore\FileRepository\nvmdi.inf_amd64_ce215582e5f83f90\NvMemMapStoragex.dll:NvMemMapStoragex.dll (00007FFD2AEE0000), size: 880640 (result: 0), SymType: '-deferred-', PDB: ''
C:\Windows\SYSTEM32\POWRPROF.dll:POWRPROF.dll (00007FFD37450000), size: 319488 (result: 0), SymType: '-deferred-', PDB: '', fileVersion: 10.0.26100.1150
C:\Windows\SYSTEM32\UMPDC.dll:UMPDC.dll (00007FFD37430000), size: 81920 (result: 0), SymType: '-deferred-', PDB: '', fileVersion: 10.0.26100.1301
C:\Windows\System32\DriverStore\FileRepository\nvmdi.inf_amd64_ce215582e5f83f90\nvwgf2umx.dll:nvwgf2umx.dll (00007FFD23E00000), size: 87101440 (result: 0), SymType: '-deferred-', PDB: '', fileVersion: 32.0.15.7216
C:\Windows\system32\nvspcap64.dll:nvspcap64.dll (00007FFD0BAB0000), size: 3162112 (result: 0), SymType: '-deferred-', PDB: '', fileVersion: 11.0.2.312
C:\Windows\SYSTEM32\ntmarta.dll:ntmarta.dll (00007FFD37840000), size: 217088 (result: 0), SymType: '-deferred-', PDB: '', fileVersion: 10.0.26100.1150
C:\Windows\System32\DriverStore\FileRepository\nvmdi.inf_amd64_ce215582e5f83f90\nvppex.dll:nvppex.dll (00007FFD0B120000), size: 1785856 (result: 0), SymType: '-deferred-', PDB: '', fileVersion: 32.0.15.7216
C:\Windows\system32\wbem\wbemprox.dll:wbemprox.dll (00007FFD1FE00000), size: 73728 (result: 0), SymType: '-deferred-', PDB: '', fileVersion: 10.0.26100.1000
C:\Windows\SYSTEM32\wbemcomn.dll:wbemcomn.dll (00007FFD1FD80000), size: 499712 (result: 0), SymType: '-deferred-', PDB: '', fileVersion: 10.0.26100.1150
C:\Windows\system32\wbem\wbemsvc.dll:wbemsvc.dll (00007FFD1EAE0000), size: 86016 (result: 0), SymType: '-deferred-', PDB: '', fileVersion: 10.0.26100.1000
C:\Windows\system32\wbem\fastprox.dll:fastprox.dll (00007FFD1EF00000), size: 983040 (result: 0), SymType: '-deferred-', PDB: '', fileVersion: 10.0.26100.3037
C:\Windows\SYSTEM32\amsi.dll:amsi.dll (00007FFD1E1B0000), size: 118784 (result: 0), SymType: '-deferred-', PDB: '', fileVersion: 10.0.26100.1150
C:\Windows\SYSTEM32\USERENV.dll:USERENV.dll (00007FFD37CD0000), size: 176128 (result: 0), SymType: '-deferred-', PDB: '', fileVersion: 10.0.26100.2454
C:\ProgramData\Microsoft\Windows Defender\Platform\4.18.24090.11-0\MpOav.dll:MpOav.dll (00007FFD1E120000), size: 536576 (result: 0), SymType: '-deferred-', PDB: '', fileVersion: 4.18.24090.11
C:\Windows\SYSTEM32\opencl.dll:opencl.dll (00007FFC7DC80000), size: 483328 (result: 0), SymType: '-deferred-', PDB: '', fileVersion: 3.0.6.0
C:\Program Files\Unity\Hub\Editor\6000.0.38f1\Editor\radeonrays.dll:radeonrays.dll (00007FFD18A20000), size: 344064 (result: 0), SymType: '-deferred-', PDB: ''
C:\Program Files\Unity\Hub\Editor\6000.0.38f1\Editor\Data\MonoBleedingEdge\EmbedRuntime\mono-2.0-bdwgc.dll:mono-2.0-bdwgc.dll (00007FFC95060000), size: 10756096 (result: 0), SymType: '-deferred-', PDB: ''
C:\Windows\SYSTEM32\dbghelp.dll:dbghelp.dll (00007FFD2F080000), size: 2363392 (result: 0), SymType: '-deferred-', PDB: '', fileVersion: 10.0.26100.3037

========== OUTPUTTING STACK TRACE ==================

0x00007FFD38A5BB0A (KERNELBASE) RaiseException
0x00007FFC6850E915 (Unity) EditorMonoConsole::LogToConsoleImplementation
0x00007FFC6850F5DA (Unity) EditorMonoConsole::LogToConsoleImplementation
0x00007FFC691C0ADD (Unity) DebugStringToFilePostprocessedStacktrace
0x00007FFC691BFE78 (Unity) DebugStringToFile
0x00007FFC68AC5BFC (Unity) RegisterAssemblyDefinition
0x00007FFC68EF46F6 (Unity) ProcessAssemblyAssets
0x00007FFC68EF5406 (Unity) UpdateScriptCompilationPipelineCaches
0x00007FFC68E0C124 (Unity) AssetImportWorkerClient::RegisterTransientArtifacts
0x00007FFC68E0C3AA (Unity) AssetImportWorkerClient::ReloadScriptingDomain
0x00007FFC68DE7047 (Unity) <lambda_f96845ab1106210ce31769f863340c0d>::operator()
0x00007FFC68EC9ADE (Unity) asio::detail::completion_handler<core::mutable_function<void __cdecl(void)>,asio::io_context::basic_executor_type<std::allocator<void>,0> >::do_complete
0x00007FFC68EB736A (Unity) asio::detail::win_iocp_io_context::do_one
0x00007FFC68EB869E (Unity) asio::detail::win_iocp_io_context::run
0x00007FFC68EC80FC (Unity) IOService::Run
0x00007FFC68E10426 (Unity) RunAssetImportWorkerClientV2
0x00007FFC68E104EB (Unity) RunAssetImporterV2
0x00007FFC6861A148 (Unity) Application::InitializeProject
0x00007FFC68C21875 (Unity) UnityMain
0x00007FF67A862FBA (Unity) __scrt_common_main_seh
0x00007FFD39D8E8D7 (KERNEL32) BaseThreadInitThunk
0x00007FFD3B4FBF2C (ntdll) RtlUserThreadStart

========== END OF STACKTRACE ===========

A crash has been intercepted by the crash handler. For call stack and other details, see the latest crash report generated in:
 * C:/Users/wowan/AppData/Local/Temp/Unity/Editor/Crashes
